{"/Users/alisonthomson/Myproject/week-11-final-project/MERNsters-inc/backend/models/user.js": {"path":"/Users/alisonthomson/Myproject/week-11-final-project/MERNsters-inc/backend/models/user.js","statementMap":{"0":{"start":{"line":1,"column":21},"end":{"line":1,"column":39}},"1":{"start":{"line":2,"column":17},"end":{"line":2,"column":36}},"2":{"start":{"line":4,"column":19},"end":{"line":18,"column":2}},"3":{"start":{"line":20,"column":13},"end":{"line":20,"column":47}},"4":{"start":{"line":22,"column":0},"end":{"line":22,"column":22}}},"fnMap":{},"branchMap":{},"s":{"0":1,"1":1,"2":1,"3":1,"4":1},"f":{},"b":{},"_coverageSchema":"1a1c01bbd47fc00a2c39e90264f33305004495a9","hash":"3c505d66a66c6651fd7fe8d9d1a939c3e7bf1685"}
,"/Users/alisonthomson/Myproject/week-11-final-project/MERNsters-inc/backend/spec/mongodb_helper.js": {"path":"/Users/alisonthomson/Myproject/week-11-final-project/MERNsters-inc/backend/spec/mongodb_helper.js","statementMap":{"0":{"start":{"line":1,"column":15},"end":{"line":1,"column":34}},"1":{"start":{"line":3,"column":0},"end":{"line":14,"column":3}},"2":{"start":{"line":4,"column":2},"end":{"line":7,"column":5}},"3":{"start":{"line":9,"column":11},"end":{"line":9,"column":30}},"4":{"start":{"line":10,"column":2},"end":{"line":10,"column":75}},"5":{"start":{"line":11,"column":2},"end":{"line":13,"column":5}},"6":{"start":{"line":12,"column":4},"end":{"line":12,"column":11}},"7":{"start":{"line":16,"column":0},"end":{"line":20,"column":3}},"8":{"start":{"line":17,"column":2},"end":{"line":19,"column":5}},"9":{"start":{"line":18,"column":4},"end":{"line":18,"column":11}}},"fnMap":{"0":{"name":"(anonymous_0)","decl":{"start":{"line":3,"column":10},"end":{"line":3,"column":11}},"loc":{"start":{"line":3,"column":26},"end":{"line":14,"column":1}},"line":3},"1":{"name":"(anonymous_1)","decl":{"start":{"line":11,"column":16},"end":{"line":11,"column":17}},"loc":{"start":{"line":11,"column":28},"end":{"line":13,"column":3}},"line":11},"2":{"name":"(anonymous_2)","decl":{"start":{"line":16,"column":9},"end":{"line":16,"column":10}},"loc":{"start":{"line":16,"column":25},"end":{"line":20,"column":1}},"line":16},"3":{"name":"(anonymous_3)","decl":{"start":{"line":17,"column":34},"end":{"line":17,"column":35}},"loc":{"start":{"line":17,"column":46},"end":{"line":19,"column":3}},"line":17}},"branchMap":{},"s":{"0":1,"1":1,"2":1,"3":1,"4":1,"5":1,"6":1,"7":1,"8":1,"9":1},"f":{"0":1,"1":1,"2":1,"3":1},"b":{},"_coverageSchema":"1a1c01bbd47fc00a2c39e90264f33305004495a9","hash":"70cd16fdbba18a17ba8e7a635a8197503b45909f"}
}
